    OpenRGB v0.9
    Commit:  from 
    Launched: 20240423_213747
====================================================================================================

1002  |Info:    Saving detector settings
1003  |Info:    ------------------------------------------------------
1003  |Info:    |               Start device detection               |
1003  |Info:    ------------------------------------------------------
1004  |Info:    Initializing HID interfaces: Success
1008  |Info:    ------------------------------------------------------
1008  |Info:    |             Detecting I2C interfaces               |
1008  |Info:    ------------------------------------------------------
1008  |Info:    Registering I2C interface: /dev/i2c-3 Device 10DE:2489 Subsystem: 1458:405E
1008  |Info:    Registering I2C interface: /dev/i2c-6 Device 10DE:2489 Subsystem: 1458:405E
1008  |Info:    Registering I2C interface: /dev/i2c-2 Device 1022:790B Subsystem: 1043:87C0
1008  |Info:    Registering I2C interface: /dev/i2c-7 Device 10DE:2489 Subsystem: 1458:405E
1008  |Info:    ------------------------------------------------------
1008  |Info:    |               Detecting I2C devices                |
1008  |Info:    ------------------------------------------------------
1295  |Info:    ------------------------------------------------------
1295  |Info:    |               Detecting I2C PCI devices            |
1295  |Info:    ------------------------------------------------------
1297  |Info:    ------------------------------------------------------
1297  |Info:    |               Detecting HID devices                |
1297  |Info:    ------------------------------------------------------
1375  |Info:    [ASUS TUF GAMING A520M-PLUS WIFI] Registering RGB controller
1375  |Info:    ------------------------------------------------------
1375  |Info:    |            Detecting libusb HID devices            |
1375  |Info:    ------------------------------------------------------
1411  |Info:    ------------------------------------------------------
1411  |Info:    |              Detecting other devices               |
1411  |Info:    ------------------------------------------------------
1422  |Info:    ------------------------------------------------------
1422  |Info:    |                Detection completed                 |
1422  |Info:    ------------------------------------------------------
1422  |Dialog:  <h2>WARNING:</h2><p>One or more I2C/SMBus interfaces failed to initialize.</p><p>RGB DRAM modules and some motherboards' onboard RGB lighting will not be available without I2C/SMBus.</p><p>On Linux, this is usually because the i2c-dev module is not loaded.  You must load the i2c-dev module along with the correct i2c driver for your motherboard.  This is usually i2c-piix4 for AMD systems and i2c-i801 for Intel systems.</p><p>See <a href='https://help.openrgb.org/'>help.openrgb.org</a> for additional troubleshooting steps if you keep seeing this message.<br></p>
