    OpenRGB v0.9
    Commit:  from 
    Launched: 20240531_154937
====================================================================================================

1007  |Info:    ------------------------------------------------------
1007  |Info:    |               Start device detection               |
1007  |Info:    ------------------------------------------------------
1007  |Info:    Initializing HID interfaces: Success
1013  |Info:    ------------------------------------------------------
1013  |Info:    |             Detecting I2C interfaces               |
1013  |Info:    ------------------------------------------------------
1013  |Info:    Registering I2C interface: /dev/i2c-3 Device 10DE:2204 Subsystem: 10DE:147D
1013  |Info:    Registering I2C interface: /dev/i2c-1 Device 10DE:2204 Subsystem: 10DE:147D
1014  |Info:    Registering I2C interface: /dev/i2c-8 Device 1022:790B Subsystem: 1043:87C0
1014  |Info:    Registering I2C interface: /dev/i2c-6 Device 1022:790B Subsystem: 1043:87C0
1014  |Info:    Registering I2C interface: /dev/i2c-4 Device 10DE:2204 Subsystem: 10DE:147D
1014  |Info:    Registering I2C interface: /dev/i2c-2 Device 10DE:2204 Subsystem: 10DE:147D
1014  |Info:    Registering I2C interface: /dev/i2c-0 Device 10DE:2204 Subsystem: 10DE:147D
1014  |Info:    Registering I2C interface: /dev/i2c-7 Device 1022:790B Subsystem: 1043:87C0
1014  |Info:    Registering I2C interface: /dev/i2c-5 Device 10DE:2204 Subsystem: 10DE:147D
1014  |Info:    ------------------------------------------------------
1014  |Info:    |               Detecting I2C devices                |
1014  |Info:    ------------------------------------------------------
1048  |Info:    [HyperX Fury RGB] Registering RGB controller
2000  |Info:    ------------------------------------------------------
2000  |Info:    |               Detecting I2C PCI devices            |
2000  |Info:    ------------------------------------------------------
2001  |Info:    ------------------------------------------------------
2001  |Info:    |               Detecting HID devices                |
2001  |Info:    ------------------------------------------------------
2077  |Info:    [ASUS TUF GAMING A520M-PLUS WIFI] Registering RGB controller
2077  |Info:    ------------------------------------------------------
2077  |Info:    |            Detecting libusb HID devices            |
2077  |Info:    ------------------------------------------------------
2110  |Info:    ------------------------------------------------------
2110  |Info:    |              Detecting other devices               |
2110  |Info:    ------------------------------------------------------
2117  |Info:    ------------------------------------------------------
2117  |Info:    |                Detection completed                 |
2117  |Info:    ------------------------------------------------------
