    OpenRGB v0.9
    Commit:  from 
    Launched: 20240511_183803
====================================================================================================

1003  |Info:    ------------------------------------------------------
1003  |Info:    |               Start device detection               |
1003  |Info:    ------------------------------------------------------
1003  |Info:    Initializing HID interfaces: Success
1009  |Info:    ------------------------------------------------------
1010  |Info:    |             Detecting I2C interfaces               |
1010  |Info:    ------------------------------------------------------
1010  |Info:    Registering I2C interface: /dev/i2c-3 Device 10DE:2489 Subsystem: 1458:405E
1010  |Info:    Registering I2C interface: /dev/i2c-1 Device 10DE:2489 Subsystem: 1458:405E
1010  |Info:    Registering I2C interface: /dev/i2c-6 Device 1022:790B Subsystem: 1043:87C0
1010  |Info:    Registering I2C interface: /dev/i2c-4 Device 10DE:2489 Subsystem: 1458:405E
1010  |Info:    Registering I2C interface: /dev/i2c-2 Device 10DE:2489 Subsystem: 1458:405E
1010  |Info:    Registering I2C interface: /dev/i2c-0 Device 10DE:2489 Subsystem: 1458:405E
1011  |Info:    Registering I2C interface: /dev/i2c-7 Device 1022:790B Subsystem: 1043:87C0
1011  |Info:    Registering I2C interface: /dev/i2c-5 Device 1022:790B Subsystem: 1043:87C0
1011  |Info:    ------------------------------------------------------
1011  |Info:    |               Detecting I2C devices                |
1011  |Info:    ------------------------------------------------------
1041  |Info:    [HyperX Fury RGB] Registering RGB controller
2003  |Info:    ------------------------------------------------------
2003  |Info:    |               Detecting I2C PCI devices            |
2003  |Info:    ------------------------------------------------------
2179  |Info:    [Gigabyte RTX3060 Ti Gaming OC PRO 8G LHR] Registering RGB controller
2179  |Info:    ------------------------------------------------------
2179  |Info:    |               Detecting HID devices                |
2179  |Info:    ------------------------------------------------------
2259  |Info:    [ASUS TUF GAMING A520M-PLUS WIFI] Registering RGB controller
2259  |Info:    ------------------------------------------------------
2259  |Info:    |            Detecting libusb HID devices            |
2259  |Info:    ------------------------------------------------------
2295  |Info:    ------------------------------------------------------
2295  |Info:    |              Detecting other devices               |
2295  |Info:    ------------------------------------------------------
2306  |Info:    ------------------------------------------------------
2306  |Info:    |                Detection completed                 |
2306  |Info:    ------------------------------------------------------
