    OpenRGB v0.9
    Commit:  from 
    Launched: 20240514_164651
====================================================================================================

1002  |Info:    ------------------------------------------------------
1002  |Info:    |               Start device detection               |
1002  |Info:    ------------------------------------------------------
1003  |Info:    Initializing HID interfaces: Success
1011  |Info:    ------------------------------------------------------
1011  |Info:    |             Detecting I2C interfaces               |
1012  |Info:    ------------------------------------------------------
1012  |Info:    Registering I2C interface: /dev/i2c-3 Device 10DE:2204 Subsystem: 10DE:147D
1012  |Info:    Registering I2C interface: /dev/i2c-1 Device 10DE:2204 Subsystem: 10DE:147D
1012  |Info:    Registering I2C interface: /dev/i2c-8 Device 1022:790B Subsystem: 1043:87C0
1012  |Info:    Registering I2C interface: /dev/i2c-6 Device 1022:790B Subsystem: 1043:87C0
1012  |Info:    Registering I2C interface: /dev/i2c-4 Device 10DE:2204 Subsystem: 10DE:147D
1012  |Info:    Registering I2C interface: /dev/i2c-2 Device 10DE:2204 Subsystem: 10DE:147D
1012  |Info:    Registering I2C interface: /dev/i2c-0 Device 10DE:2204 Subsystem: 10DE:147D
1012  |Info:    Registering I2C interface: /dev/i2c-7 Device 1022:790B Subsystem: 1043:87C0
1013  |Info:    Registering I2C interface: /dev/i2c-5 Device 10DE:2204 Subsystem: 10DE:147D
1013  |Info:    ------------------------------------------------------
1013  |Info:    |               Detecting I2C devices                |
1013  |Info:    ------------------------------------------------------
1043  |Info:    [HyperX Fury RGB] Registering RGB controller
2002  |Info:    ------------------------------------------------------
2002  |Info:    |               Detecting I2C PCI devices            |
2002  |Info:    ------------------------------------------------------
2003  |Info:    ------------------------------------------------------
2003  |Info:    |               Detecting HID devices                |
2003  |Info:    ------------------------------------------------------
2082  |Info:    [ASUS TUF GAMING A520M-PLUS WIFI] Registering RGB controller
2082  |Info:    ------------------------------------------------------
2082  |Info:    |            Detecting libusb HID devices            |
2082  |Info:    ------------------------------------------------------
2118  |Info:    ------------------------------------------------------
2118  |Info:    |              Detecting other devices               |
2118  |Info:    ------------------------------------------------------
2128  |Info:    ------------------------------------------------------
2128  |Info:    |                Detection completed                 |
2128  |Info:    ------------------------------------------------------
