    OpenRGB v0.91
    Commit: 8d14059d2e4ac6cbc5b4741de9cf9f50d53a76ad from 2024-05-25 18:15:04 -0500
    Launched: 20240528_214719
====================================================================================================

1007  |Info:    Saving detector settings
1009  |Info:    Initializing HID interfaces: Success
1009  |Info:    ------------------------------------------------------
1009  |Info:    |               Start device detection               |
1009  |Info:    ------------------------------------------------------
1016  |Info:    ------------------------------------------------------
1016  |Info:    |             Detecting I2C interfaces               |
1016  |Info:    ------------------------------------------------------
1016  |Info:    Registering I2C interface: /dev/i2c-3 Device 10DE:2204 Subsystem: 10DE:147D
1016  |Info:    Registering I2C interface: /dev/i2c-1 Device 10DE:2204 Subsystem: 10DE:147D
1016  |Info:    Registering I2C interface: /dev/i2c-8 Device 1022:790B Subsystem: 1043:87C0
1016  |Info:    Registering I2C interface: /dev/i2c-6 Device 1022:790B Subsystem: 1043:87C0
1016  |Info:    Registering I2C interface: /dev/i2c-4 Device 10DE:2204 Subsystem: 10DE:147D
1016  |Info:    Registering I2C interface: /dev/i2c-2 Device 10DE:2204 Subsystem: 10DE:147D
1016  |Info:    Registering I2C interface: /dev/i2c-0 Device 10DE:2204 Subsystem: 10DE:147D
1016  |Info:    Registering I2C interface: /dev/i2c-7 Device 1022:790B Subsystem: 1043:87C0
1016  |Info:    Registering I2C interface: /dev/i2c-5 Device 10DE:2204 Subsystem: 10DE:147D
1016  |Info:    ------------------------------------------------------
1016  |Info:    |               Detecting I2C devices                |
1016  |Info:    ------------------------------------------------------
1998  |Info:    [HyperX Fury RGB] Registering RGB controller
2000  |Info:    ------------------------------------------------------
2000  |Info:    |               Detecting I2C PCI devices            |
2000  |Info:    ------------------------------------------------------
2002  |Info:    ------------------------------------------------------
2002  |Info:    |               Detecting HID devices                |
2002  |Info:    ------------------------------------------------------
2079  |Info:    [ASUS TUF GAMING A520M-PLUS WIFI] Registering RGB controller
2079  |Info:    ------------------------------------------------------
2079  |Info:    |            Detecting libusb HID devices            |
2079  |Info:    ------------------------------------------------------
2106  |Info:    ------------------------------------------------------
2106  |Info:    |              Detecting other devices               |
2106  |Info:    ------------------------------------------------------
2114  |Info:    ------------------------------------------------------
2114  |Info:    |                Detection completed                 |
2114  |Info:    ------------------------------------------------------
