    OpenRGB v0.9
    Commit:  from 
    Launched: 20240427_072519
====================================================================================================

1001  |Info:    ------------------------------------------------------
1001  |Info:    |               Start device detection               |
1001  |Info:    ------------------------------------------------------
1002  |Info:    Initializing HID interfaces: Success
1005  |Info:    ------------------------------------------------------
1005  |Info:    |             Detecting I2C interfaces               |
1005  |Info:    ------------------------------------------------------
1005  |Info:    Registering I2C interface: /dev/i2c-3 Device 10DE:2489 Subsystem: 1458:405E
1006  |Info:    Registering I2C interface: /dev/i2c-1 Device 1022:790B Subsystem: 1043:87C0
1006  |Info:    Registering I2C interface: /dev/i2c-6 Device 10DE:2489 Subsystem: 1458:405E
1006  |Info:    Registering I2C interface: /dev/i2c-4 Device 10DE:2489 Subsystem: 1458:405E
1006  |Info:    Registering I2C interface: /dev/i2c-2 Device 1022:790B Subsystem: 1043:87C0
1006  |Info:    Registering I2C interface: /dev/i2c-0 Device 1022:790B Subsystem: 1043:87C0
1006  |Info:    Registering I2C interface: /dev/i2c-7 Device 10DE:2489 Subsystem: 1458:405E
1006  |Info:    Registering I2C interface: /dev/i2c-5 Device 10DE:2489 Subsystem: 1458:405E
1006  |Info:    ------------------------------------------------------
1006  |Info:    |               Detecting I2C devices                |
1006  |Info:    ------------------------------------------------------
1036  |Info:    [HyperX Fury RGB] Registering RGB controller
2007  |Info:    ------------------------------------------------------
2007  |Info:    |               Detecting I2C PCI devices            |
2007  |Info:    ------------------------------------------------------
2010  |Info:    [Gigabyte RTX3060 Ti Gaming OC PRO 8G LHR] Registering RGB controller
2181  |Info:    ------------------------------------------------------
2181  |Info:    |               Detecting HID devices                |
2181  |Info:    ------------------------------------------------------
2257  |Info:    [ASUS TUF GAMING A520M-PLUS WIFI] Registering RGB controller
2257  |Info:    ------------------------------------------------------
2257  |Info:    |            Detecting libusb HID devices            |
2257  |Info:    ------------------------------------------------------
2294  |Info:    ------------------------------------------------------
2294  |Info:    |              Detecting other devices               |
2294  |Info:    ------------------------------------------------------
2305  |Info:    ------------------------------------------------------
2305  |Info:    |                Detection completed                 |
2305  |Info:    ------------------------------------------------------
