    OpenRGB v0.9
    Commit:  from 
    Launched: 20240430_202556
====================================================================================================

1001  |Info:    ------------------------------------------------------
1001  |Info:    |               Start device detection               |
1001  |Info:    ------------------------------------------------------
1001  |Info:    Initializing HID interfaces: Success
1006  |Info:    ------------------------------------------------------
1006  |Info:    |             Detecting I2C interfaces               |
1006  |Info:    ------------------------------------------------------
1006  |Info:    Registering I2C interface: /dev/i2c-3 Device 10DE:2489 Subsystem: 1458:405E
1006  |Info:    Registering I2C interface: /dev/i2c-1 Device 10DE:2489 Subsystem: 1458:405E
1006  |Info:    Registering I2C interface: /dev/i2c-6 Device 1022:790B Subsystem: 1043:87C0
1006  |Info:    Registering I2C interface: /dev/i2c-4 Device 10DE:2489 Subsystem: 1458:405E
1006  |Info:    Registering I2C interface: /dev/i2c-2 Device 10DE:2489 Subsystem: 1458:405E
1006  |Info:    Registering I2C interface: /dev/i2c-0 Device 10DE:2489 Subsystem: 1458:405E
1006  |Info:    Registering I2C interface: /dev/i2c-7 Device 1022:790B Subsystem: 1043:87C0
1006  |Info:    Registering I2C interface: /dev/i2c-5 Device 1022:790B Subsystem: 1043:87C0
1006  |Info:    ------------------------------------------------------
1006  |Info:    |               Detecting I2C devices                |
1006  |Info:    ------------------------------------------------------
1037  |Info:    [HyperX Fury RGB] Registering RGB controller
2004  |Info:    ------------------------------------------------------
2004  |Info:    |               Detecting I2C PCI devices            |
2004  |Info:    ------------------------------------------------------
2178  |Info:    [Gigabyte RTX3060 Ti Gaming OC PRO 8G LHR] Registering RGB controller
2179  |Info:    ------------------------------------------------------
2179  |Info:    |               Detecting HID devices                |
2179  |Info:    ------------------------------------------------------
2257  |Info:    [ASUS TUF GAMING A520M-PLUS WIFI] Registering RGB controller
2257  |Info:    ------------------------------------------------------
2257  |Info:    |            Detecting libusb HID devices            |
2257  |Info:    ------------------------------------------------------
2289  |Info:    ------------------------------------------------------
2289  |Info:    |              Detecting other devices               |
2289  |Info:    ------------------------------------------------------
2302  |Info:    ------------------------------------------------------
2302  |Info:    |                Detection completed                 |
2302  |Info:    ------------------------------------------------------
