    OpenRGB v0.9
    Commit:  from 
    Launched: 20240501_123956
====================================================================================================

1002  |Info:    ------------------------------------------------------
1002  |Info:    |               Start device detection               |
1002  |Info:    ------------------------------------------------------
1003  |Info:    Initializing HID interfaces: Success
1008  |Info:    ------------------------------------------------------
1008  |Info:    |             Detecting I2C interfaces               |
1008  |Info:    ------------------------------------------------------
1008  |Info:    Registering I2C interface: /dev/i2c-3 Device 10DE:2489 Subsystem: 1458:405E
1008  |Info:    Registering I2C interface: /dev/i2c-1 Device 10DE:2489 Subsystem: 1458:405E
1009  |Info:    Registering I2C interface: /dev/i2c-6 Device 1022:790B Subsystem: 1043:87C0
1009  |Info:    Registering I2C interface: /dev/i2c-4 Device 10DE:2489 Subsystem: 1458:405E
1009  |Info:    Registering I2C interface: /dev/i2c-2 Device 10DE:2489 Subsystem: 1458:405E
1009  |Info:    Registering I2C interface: /dev/i2c-0 Device 10DE:2489 Subsystem: 1458:405E
1009  |Info:    Registering I2C interface: /dev/i2c-7 Device 1022:790B Subsystem: 1043:87C0
1009  |Info:    Registering I2C interface: /dev/i2c-5 Device 1022:790B Subsystem: 1043:87C0
1009  |Info:    ------------------------------------------------------
1009  |Info:    |               Detecting I2C devices                |
1009  |Info:    ------------------------------------------------------
1040  |Info:    [HyperX Fury RGB] Registering RGB controller
2012  |Info:    ------------------------------------------------------
2012  |Info:    |               Detecting I2C PCI devices            |
2012  |Info:    ------------------------------------------------------
2187  |Info:    [Gigabyte RTX3060 Ti Gaming OC PRO 8G LHR] Registering RGB controller
2188  |Info:    ------------------------------------------------------
2188  |Info:    |               Detecting HID devices                |
2188  |Info:    ------------------------------------------------------
2264  |Info:    [ASUS TUF GAMING A520M-PLUS WIFI] Registering RGB controller
2264  |Info:    ------------------------------------------------------
2264  |Info:    |            Detecting libusb HID devices            |
2264  |Info:    ------------------------------------------------------
2300  |Info:    ------------------------------------------------------
2300  |Info:    |              Detecting other devices               |
2300  |Info:    ------------------------------------------------------
2311  |Info:    ------------------------------------------------------
2311  |Info:    |                Detection completed                 |
2311  |Info:    ------------------------------------------------------
