    OpenRGB v0.9
    Commit:  from 
    Launched: 20240511_183557
====================================================================================================

1002  |Info:    ------------------------------------------------------
1002  |Info:    |               Start device detection               |
1002  |Info:    ------------------------------------------------------
1002  |Info:    Initializing HID interfaces: Success
1007  |Info:    ------------------------------------------------------
1007  |Info:    |             Detecting I2C interfaces               |
1007  |Info:    ------------------------------------------------------
1007  |Info:    Registering I2C interface: /dev/i2c-3 Device 10DE:2489 Subsystem: 1458:405E
1007  |Info:    Registering I2C interface: /dev/i2c-1 Device 10DE:2489 Subsystem: 1458:405E
1007  |Info:    Registering I2C interface: /dev/i2c-6 Device 1022:790B Subsystem: 1043:87C0
1007  |Info:    Registering I2C interface: /dev/i2c-4 Device 10DE:2489 Subsystem: 1458:405E
1007  |Info:    Registering I2C interface: /dev/i2c-2 Device 10DE:2489 Subsystem: 1458:405E
1007  |Info:    Registering I2C interface: /dev/i2c-0 Device 10DE:2489 Subsystem: 1458:405E
1007  |Info:    Registering I2C interface: /dev/i2c-7 Device 1022:790B Subsystem: 1043:87C0
1007  |Info:    Registering I2C interface: /dev/i2c-5 Device 1022:790B Subsystem: 1043:87C0
1007  |Info:    ------------------------------------------------------
1007  |Info:    |               Detecting I2C devices                |
1007  |Info:    ------------------------------------------------------
1037  |Info:    [HyperX Fury RGB] Registering RGB controller
2001  |Info:    ------------------------------------------------------
2001  |Info:    |               Detecting I2C PCI devices            |
2001  |Info:    ------------------------------------------------------
2174  |Info:    [Gigabyte RTX3060 Ti Gaming OC PRO 8G LHR] Registering RGB controller
2175  |Info:    ------------------------------------------------------
2175  |Info:    |               Detecting HID devices                |
2175  |Info:    ------------------------------------------------------
2250  |Info:    [ASUS TUF GAMING A520M-PLUS WIFI] Registering RGB controller
2250  |Info:    ------------------------------------------------------
2250  |Info:    |            Detecting libusb HID devices            |
2250  |Info:    ------------------------------------------------------
2282  |Info:    ------------------------------------------------------
2282  |Info:    |              Detecting other devices               |
2282  |Info:    ------------------------------------------------------
2288  |Info:    ------------------------------------------------------
2288  |Info:    |                Detection completed                 |
2288  |Info:    ------------------------------------------------------
