    OpenRGB v0.9
    Commit:  from 
    Launched: 20240518_130616
====================================================================================================

1002  |Info:    ------------------------------------------------------
1002  |Info:    |               Start device detection               |
1002  |Info:    ------------------------------------------------------
1002  |Info:    Initializing HID interfaces: Success
1007  |Info:    ------------------------------------------------------
1007  |Info:    |             Detecting I2C interfaces               |
1007  |Info:    ------------------------------------------------------
1007  |Info:    Registering I2C interface: /dev/i2c-3 Device 10DE:2204 Subsystem: 10DE:147D
1007  |Info:    Registering I2C interface: /dev/i2c-1 Device 10DE:2204 Subsystem: 10DE:147D
1008  |Info:    Registering I2C interface: /dev/i2c-8 Device 1022:790B Subsystem: 1043:87C0
1008  |Info:    Registering I2C interface: /dev/i2c-6 Device 1022:790B Subsystem: 1043:87C0
1008  |Info:    Registering I2C interface: /dev/i2c-4 Device 10DE:2204 Subsystem: 10DE:147D
1008  |Info:    Registering I2C interface: /dev/i2c-2 Device 10DE:2204 Subsystem: 10DE:147D
1008  |Info:    Registering I2C interface: /dev/i2c-0 Device 10DE:2204 Subsystem: 10DE:147D
1008  |Info:    Registering I2C interface: /dev/i2c-7 Device 1022:790B Subsystem: 1043:87C0
1008  |Info:    Registering I2C interface: /dev/i2c-5 Device 10DE:2204 Subsystem: 10DE:147D
1008  |Info:    ------------------------------------------------------
1008  |Info:    |               Detecting I2C devices                |
1008  |Info:    ------------------------------------------------------
1037  |Info:    [HyperX Fury RGB] Registering RGB controller
1986  |Info:    ------------------------------------------------------
1986  |Info:    |               Detecting I2C PCI devices            |
1986  |Info:    ------------------------------------------------------
1987  |Info:    ------------------------------------------------------
1987  |Info:    |               Detecting HID devices                |
1987  |Info:    ------------------------------------------------------
2063  |Info:    [ASUS TUF GAMING A520M-PLUS WIFI] Registering RGB controller
2063  |Info:    ------------------------------------------------------
2063  |Info:    |            Detecting libusb HID devices            |
2063  |Info:    ------------------------------------------------------
2096  |Info:    ------------------------------------------------------
2096  |Info:    |              Detecting other devices               |
2096  |Info:    ------------------------------------------------------
2104  |Info:    ------------------------------------------------------
2104  |Info:    |                Detection completed                 |
2104  |Info:    ------------------------------------------------------
