    OpenRGB v0.9
    Commit:  from 
    Launched: 20240428_110050
====================================================================================================

1002  |Info:    ------------------------------------------------------
1002  |Info:    |               Start device detection               |
1002  |Info:    ------------------------------------------------------
1002  |Info:    Initializing HID interfaces: Success
1005  |Info:    ------------------------------------------------------
1005  |Info:    |             Detecting I2C interfaces               |
1005  |Info:    ------------------------------------------------------
1006  |Info:    Registering I2C interface: /dev/i2c-3 Device 10DE:2489 Subsystem: 1458:405E
1006  |Info:    Registering I2C interface: /dev/i2c-1 Device 10DE:2489 Subsystem: 1458:405E
1006  |Info:    Registering I2C interface: /dev/i2c-6 Device 1022:790B Subsystem: 1043:87C0
1006  |Info:    Registering I2C interface: /dev/i2c-4 Device 10DE:2489 Subsystem: 1458:405E
1006  |Info:    Registering I2C interface: /dev/i2c-2 Device 10DE:2489 Subsystem: 1458:405E
1006  |Info:    Registering I2C interface: /dev/i2c-0 Device 10DE:2489 Subsystem: 1458:405E
1006  |Info:    Registering I2C interface: /dev/i2c-7 Device 1022:790B Subsystem: 1043:87C0
1006  |Info:    Registering I2C interface: /dev/i2c-5 Device 1022:790B Subsystem: 1043:87C0
1006  |Info:    ------------------------------------------------------
1006  |Info:    |               Detecting I2C devices                |
1006  |Info:    ------------------------------------------------------
1036  |Info:    [HyperX Fury RGB] Registering RGB controller
2009  |Info:    ------------------------------------------------------
2009  |Info:    |               Detecting I2C PCI devices            |
2009  |Info:    ------------------------------------------------------
2183  |Info:    [Gigabyte RTX3060 Ti Gaming OC PRO 8G LHR] Registering RGB controller
2184  |Info:    ------------------------------------------------------
2184  |Info:    |               Detecting HID devices                |
2184  |Info:    ------------------------------------------------------
2260  |Info:    [ASUS TUF GAMING A520M-PLUS WIFI] Registering RGB controller
2260  |Info:    ------------------------------------------------------
2260  |Info:    |            Detecting libusb HID devices            |
2260  |Info:    ------------------------------------------------------
2297  |Info:    ------------------------------------------------------
2297  |Info:    |              Detecting other devices               |
2297  |Info:    ------------------------------------------------------
2307  |Info:    ------------------------------------------------------
2308  |Info:    |                Detection completed                 |
2308  |Info:    ------------------------------------------------------
