    OpenRGB v0.9
    Commit:  from 
    Launched: 20240430_202532
====================================================================================================

1002  |Info:    ------------------------------------------------------
1002  |Info:    |               Start device detection               |
1002  |Info:    ------------------------------------------------------
1003  |Info:    Initializing HID interfaces: Success
1008  |Info:    ------------------------------------------------------
1008  |Info:    |             Detecting I2C interfaces               |
1008  |Info:    ------------------------------------------------------
1008  |Info:    Registering I2C interface: /dev/i2c-3 Device 10DE:2489 Subsystem: 1458:405E
1008  |Info:    Registering I2C interface: /dev/i2c-1 Device 10DE:2489 Subsystem: 1458:405E
1009  |Info:    Registering I2C interface: /dev/i2c-6 Device 1022:790B Subsystem: 1043:87C0
1009  |Info:    Registering I2C interface: /dev/i2c-4 Device 10DE:2489 Subsystem: 1458:405E
1009  |Info:    Registering I2C interface: /dev/i2c-2 Device 10DE:2489 Subsystem: 1458:405E
1009  |Info:    Registering I2C interface: /dev/i2c-0 Device 10DE:2489 Subsystem: 1458:405E
1009  |Info:    Registering I2C interface: /dev/i2c-7 Device 1022:790B Subsystem: 1043:87C0
1009  |Info:    Registering I2C interface: /dev/i2c-5 Device 1022:790B Subsystem: 1043:87C0
1009  |Info:    ------------------------------------------------------
1009  |Info:    |               Detecting I2C devices                |
1009  |Info:    ------------------------------------------------------
1040  |Info:    [HyperX Fury RGB] Registering RGB controller
2018  |Info:    ------------------------------------------------------
2018  |Info:    |               Detecting I2C PCI devices            |
2018  |Info:    ------------------------------------------------------
2193  |Info:    [Gigabyte RTX3060 Ti Gaming OC PRO 8G LHR] Registering RGB controller
2193  |Info:    ------------------------------------------------------
2193  |Info:    |               Detecting HID devices                |
2193  |Info:    ------------------------------------------------------
2270  |Info:    [ASUS TUF GAMING A520M-PLUS WIFI] Registering RGB controller
2270  |Info:    ------------------------------------------------------
2270  |Info:    |            Detecting libusb HID devices            |
2270  |Info:    ------------------------------------------------------
2309  |Info:    ------------------------------------------------------
2309  |Info:    |              Detecting other devices               |
2309  |Info:    ------------------------------------------------------
2321  |Info:    ------------------------------------------------------
2321  |Info:    |                Detection completed                 |
2321  |Info:    ------------------------------------------------------
