    OpenRGB v0.91
    Commit: b989e1711cba178decceb376dcc62a067ff35901 from 2024-05-14 21:30:42 -0500
    Launched: 20240515_071521
====================================================================================================

1008  |Info:    Saving detector settings
1009  |Info:    Initializing HID interfaces: Success
1009  |Info:    ------------------------------------------------------
1009  |Info:    |               Start device detection               |
1009  |Info:    ------------------------------------------------------
1013  |Info:    ------------------------------------------------------
1013  |Info:    |             Detecting I2C interfaces               |
1013  |Info:    ------------------------------------------------------
1014  |Info:    Registering I2C interface: /dev/i2c-3 Device 10DE:2204 Subsystem: 10DE:147D
1014  |Info:    Registering I2C interface: /dev/i2c-1 Device 10DE:2204 Subsystem: 10DE:147D
1014  |Info:    Registering I2C interface: /dev/i2c-8 Device 1022:790B Subsystem: 1043:87C0
1014  |Info:    Registering I2C interface: /dev/i2c-6 Device 1022:790B Subsystem: 1043:87C0
1014  |Info:    Registering I2C interface: /dev/i2c-4 Device 10DE:2204 Subsystem: 10DE:147D
1014  |Info:    Registering I2C interface: /dev/i2c-2 Device 10DE:2204 Subsystem: 10DE:147D
1014  |Info:    Registering I2C interface: /dev/i2c-0 Device 10DE:2204 Subsystem: 10DE:147D
1014  |Info:    Registering I2C interface: /dev/i2c-7 Device 1022:790B Subsystem: 1043:87C0
1014  |Info:    Registering I2C interface: /dev/i2c-5 Device 10DE:2204 Subsystem: 10DE:147D
1014  |Info:    ------------------------------------------------------
1014  |Info:    |               Detecting I2C devices                |
1014  |Info:    ------------------------------------------------------
1996  |Info:    [HyperX Fury RGB] Registering RGB controller
1997  |Info:    ------------------------------------------------------
1997  |Info:    |               Detecting I2C PCI devices            |
1997  |Info:    ------------------------------------------------------
1999  |Info:    ------------------------------------------------------
1999  |Info:    |               Detecting HID devices                |
1999  |Info:    ------------------------------------------------------
2077  |Info:    [ASUS TUF GAMING A520M-PLUS WIFI] Registering RGB controller
2077  |Info:    ------------------------------------------------------
2077  |Info:    |            Detecting libusb HID devices            |
2077  |Info:    ------------------------------------------------------
2101  |Info:    ------------------------------------------------------
2101  |Info:    |              Detecting other devices               |
2101  |Info:    ------------------------------------------------------
2108  |Info:    ------------------------------------------------------
2108  |Info:    |                Detection completed                 |
2108  |Info:    ------------------------------------------------------
