    OpenRGB v0.9
    Commit:  from 
    Launched: 20240513_021839
====================================================================================================

1003  |Info:    ------------------------------------------------------
1003  |Info:    |               Start device detection               |
1003  |Info:    ------------------------------------------------------
1004  |Info:    Initializing HID interfaces: Success
1014  |Info:    ------------------------------------------------------
1014  |Info:    |             Detecting I2C interfaces               |
1014  |Info:    ------------------------------------------------------
1014  |Info:    Registering I2C interface: /dev/i2c-3 Device 10DE:2489 Subsystem: 1458:405E
1014  |Info:    Registering I2C interface: /dev/i2c-1 Device 10DE:2489 Subsystem: 1458:405E
1014  |Info:    Registering I2C interface: /dev/i2c-6 Device 1022:790B Subsystem: 1043:87C0
1014  |Info:    Registering I2C interface: /dev/i2c-4 Device 10DE:2489 Subsystem: 1458:405E
1014  |Info:    Registering I2C interface: /dev/i2c-2 Device 10DE:2489 Subsystem: 1458:405E
1014  |Info:    Registering I2C interface: /dev/i2c-0 Device 10DE:2489 Subsystem: 1458:405E
1014  |Info:    Registering I2C interface: /dev/i2c-7 Device 1022:790B Subsystem: 1043:87C0
1015  |Info:    Registering I2C interface: /dev/i2c-5 Device 1022:790B Subsystem: 1043:87C0
1015  |Info:    ------------------------------------------------------
1015  |Info:    |               Detecting I2C devices                |
1015  |Info:    ------------------------------------------------------
1044  |Info:    [HyperX Fury RGB] Registering RGB controller
1998  |Info:    ------------------------------------------------------
1998  |Info:    |               Detecting I2C PCI devices            |
1998  |Info:    ------------------------------------------------------
2172  |Info:    [Gigabyte RTX3060 Ti Gaming OC PRO 8G LHR] Registering RGB controller
2172  |Info:    ------------------------------------------------------
2172  |Info:    |               Detecting HID devices                |
2173  |Info:    ------------------------------------------------------
2251  |Info:    [ASUS TUF GAMING A520M-PLUS WIFI] Registering RGB controller
2251  |Info:    ------------------------------------------------------
2251  |Info:    |            Detecting libusb HID devices            |
2251  |Info:    ------------------------------------------------------
2289  |Info:    ------------------------------------------------------
2289  |Info:    |              Detecting other devices               |
2289  |Info:    ------------------------------------------------------
2301  |Info:    ------------------------------------------------------
2301  |Info:    |                Detection completed                 |
2301  |Info:    ------------------------------------------------------
