    OpenRGB v0.9
    Commit:  from 
    Launched: 20240512_211450
====================================================================================================

1002  |Info:    ------------------------------------------------------
1002  |Info:    |               Start device detection               |
1002  |Info:    ------------------------------------------------------
1002  |Info:    Initializing HID interfaces: Success
1010  |Info:    ------------------------------------------------------
1010  |Info:    |             Detecting I2C interfaces               |
1010  |Info:    ------------------------------------------------------
1010  |Info:    Registering I2C interface: /dev/i2c-3 Device 10DE:2489 Subsystem: 1458:405E
1010  |Info:    Registering I2C interface: /dev/i2c-1 Device 10DE:2489 Subsystem: 1458:405E
1010  |Info:    Registering I2C interface: /dev/i2c-6 Device 1022:790B Subsystem: 1043:87C0
1011  |Info:    Registering I2C interface: /dev/i2c-4 Device 10DE:2489 Subsystem: 1458:405E
1011  |Info:    Registering I2C interface: /dev/i2c-2 Device 10DE:2489 Subsystem: 1458:405E
1011  |Info:    Registering I2C interface: /dev/i2c-0 Device 10DE:2489 Subsystem: 1458:405E
1011  |Info:    Registering I2C interface: /dev/i2c-7 Device 1022:790B Subsystem: 1043:87C0
1011  |Info:    Registering I2C interface: /dev/i2c-5 Device 1022:790B Subsystem: 1043:87C0
1011  |Info:    ------------------------------------------------------
1011  |Info:    |               Detecting I2C devices                |
1011  |Info:    ------------------------------------------------------
1041  |Info:    [HyperX Fury RGB] Registering RGB controller
1998  |Info:    ------------------------------------------------------
1998  |Info:    |               Detecting I2C PCI devices            |
1998  |Info:    ------------------------------------------------------
2172  |Info:    [Gigabyte RTX3060 Ti Gaming OC PRO 8G LHR] Registering RGB controller
2173  |Info:    ------------------------------------------------------
2173  |Info:    |               Detecting HID devices                |
2173  |Info:    ------------------------------------------------------
2253  |Info:    [ASUS TUF GAMING A520M-PLUS WIFI] Registering RGB controller
2253  |Info:    ------------------------------------------------------
2253  |Info:    |            Detecting libusb HID devices            |
2253  |Info:    ------------------------------------------------------
2288  |Info:    ------------------------------------------------------
2288  |Info:    |              Detecting other devices               |
2288  |Info:    ------------------------------------------------------
2303  |Info:    ------------------------------------------------------
2303  |Info:    |                Detection completed                 |
2303  |Info:    ------------------------------------------------------
