    OpenRGB v0.9
    Commit:  from 
    Launched: 20240425_194932
====================================================================================================

1001  |Info:    ------------------------------------------------------
1001  |Info:    |               Start device detection               |
1001  |Info:    ------------------------------------------------------
1002  |Info:    Initializing HID interfaces: Success
1006  |Info:    ------------------------------------------------------
1006  |Info:    |             Detecting I2C interfaces               |
1006  |Info:    ------------------------------------------------------
1006  |Info:    Registering I2C interface: /dev/i2c-3 Device 10DE:2489 Subsystem: 1458:405E
1006  |Info:    Registering I2C interface: /dev/i2c-1 Device 1022:790B Subsystem: 1043:87C0
1006  |Info:    Registering I2C interface: /dev/i2c-6 Device 10DE:2489 Subsystem: 1458:405E
1006  |Info:    Registering I2C interface: /dev/i2c-4 Device 10DE:2489 Subsystem: 1458:405E
1007  |Info:    Registering I2C interface: /dev/i2c-2 Device 1022:790B Subsystem: 1043:87C0
1007  |Info:    Registering I2C interface: /dev/i2c-0 Device 1022:790B Subsystem: 1043:87C0
1007  |Info:    Registering I2C interface: /dev/i2c-7 Device 10DE:2489 Subsystem: 1458:405E
1007  |Info:    Registering I2C interface: /dev/i2c-5 Device 10DE:2489 Subsystem: 1458:405E
1007  |Info:    ------------------------------------------------------
1007  |Info:    |               Detecting I2C devices                |
1007  |Info:    ------------------------------------------------------
1037  |Info:    [HyperX Fury RGB] Registering RGB controller
2019  |Info:    ------------------------------------------------------
2019  |Info:    |               Detecting I2C PCI devices            |
2019  |Info:    ------------------------------------------------------
2022  |Info:    [Gigabyte RTX3060 Ti Gaming OC PRO 8G LHR] Registering RGB controller
2197  |Info:    ------------------------------------------------------
2197  |Info:    |               Detecting HID devices                |
2197  |Info:    ------------------------------------------------------
2276  |Info:    [ASUS TUF GAMING A520M-PLUS WIFI] Registering RGB controller
2276  |Info:    ------------------------------------------------------
2276  |Info:    |            Detecting libusb HID devices            |
2276  |Info:    ------------------------------------------------------
2313  |Info:    ------------------------------------------------------
2313  |Info:    |              Detecting other devices               |
2313  |Info:    ------------------------------------------------------
2323  |Info:    ------------------------------------------------------
2323  |Info:    |                Detection completed                 |
2323  |Info:    ------------------------------------------------------
