    OpenRGB v0.9
    Commit:  from 
    Launched: 20240613_145622
====================================================================================================

1004  |Info:    ------------------------------------------------------
1004  |Info:    |               Start device detection               |
1004  |Info:    ------------------------------------------------------
1005  |Info:    Initializing HID interfaces: Success
1008  |Info:    ------------------------------------------------------
1008  |Info:    |             Detecting I2C interfaces               |
1008  |Info:    ------------------------------------------------------
1009  |Info:    Registering I2C interface: /dev/i2c-3 Device 10DE:2204 Subsystem: 10DE:147D
1009  |Info:    Registering I2C interface: /dev/i2c-1 Device 10DE:2204 Subsystem: 10DE:147D
1009  |Info:    Registering I2C interface: /dev/i2c-8 Device 1022:790B Subsystem: 1043:87C0
1009  |Info:    Registering I2C interface: /dev/i2c-6 Device 1022:790B Subsystem: 1043:87C0
1009  |Info:    Registering I2C interface: /dev/i2c-4 Device 10DE:2204 Subsystem: 10DE:147D
1009  |Info:    Registering I2C interface: /dev/i2c-2 Device 10DE:2204 Subsystem: 10DE:147D
1009  |Info:    Registering I2C interface: /dev/i2c-0 Device 10DE:2204 Subsystem: 10DE:147D
1009  |Info:    Registering I2C interface: /dev/i2c-7 Device 1022:790B Subsystem: 1043:87C0
1009  |Info:    Registering I2C interface: /dev/i2c-5 Device 10DE:2204 Subsystem: 10DE:147D
1009  |Info:    ------------------------------------------------------
1009  |Info:    |               Detecting I2C devices                |
1009  |Info:    ------------------------------------------------------
1038  |Info:    [HyperX Fury RGB] Registering RGB controller
1991  |Info:    ------------------------------------------------------
1991  |Info:    |               Detecting I2C PCI devices            |
1991  |Info:    ------------------------------------------------------
1992  |Info:    ------------------------------------------------------
1992  |Info:    |               Detecting HID devices                |
1992  |Info:    ------------------------------------------------------
2070  |Info:    [ASUS TUF GAMING A520M-PLUS WIFI] Registering RGB controller
2070  |Info:    ------------------------------------------------------
2070  |Info:    |            Detecting libusb HID devices            |
2070  |Info:    ------------------------------------------------------
2102  |Info:    ------------------------------------------------------
2102  |Info:    |              Detecting other devices               |
2102  |Info:    ------------------------------------------------------
2110  |Info:    ------------------------------------------------------
2110  |Info:    |                Detection completed                 |
2110  |Info:    ------------------------------------------------------
