    OpenRGB v0.9
    Commit:  from 
    Launched: 20240508_135648
====================================================================================================

1002  |Info:    ------------------------------------------------------
1003  |Info:    |               Start device detection               |
1003  |Info:    ------------------------------------------------------
1003  |Info:    Initializing HID interfaces: Success
1008  |Info:    ------------------------------------------------------
1008  |Info:    |             Detecting I2C interfaces               |
1008  |Info:    ------------------------------------------------------
1008  |Info:    Registering I2C interface: /dev/i2c-3 Device 10DE:2489 Subsystem: 1458:405E
1008  |Info:    Registering I2C interface: /dev/i2c-1 Device 10DE:2489 Subsystem: 1458:405E
1008  |Info:    Registering I2C interface: /dev/i2c-6 Device 1022:790B Subsystem: 1043:87C0
1008  |Info:    Registering I2C interface: /dev/i2c-4 Device 10DE:2489 Subsystem: 1458:405E
1008  |Info:    Registering I2C interface: /dev/i2c-2 Device 10DE:2489 Subsystem: 1458:405E
1008  |Info:    Registering I2C interface: /dev/i2c-0 Device 10DE:2489 Subsystem: 1458:405E
1008  |Info:    Registering I2C interface: /dev/i2c-7 Device 1022:790B Subsystem: 1043:87C0
1008  |Info:    Registering I2C interface: /dev/i2c-5 Device 1022:790B Subsystem: 1043:87C0
1008  |Info:    ------------------------------------------------------
1008  |Info:    |               Detecting I2C devices                |
1008  |Info:    ------------------------------------------------------
1039  |Info:    [HyperX Fury RGB] Registering RGB controller
2008  |Info:    ------------------------------------------------------
2008  |Info:    |               Detecting I2C PCI devices            |
2008  |Info:    ------------------------------------------------------
2182  |Info:    [Gigabyte RTX3060 Ti Gaming OC PRO 8G LHR] Registering RGB controller
2183  |Info:    ------------------------------------------------------
2183  |Info:    |               Detecting HID devices                |
2183  |Info:    ------------------------------------------------------
2260  |Info:    [ASUS TUF GAMING A520M-PLUS WIFI] Registering RGB controller
2261  |Info:    ------------------------------------------------------
2261  |Info:    |            Detecting libusb HID devices            |
2261  |Info:    ------------------------------------------------------
2298  |Info:    ------------------------------------------------------
2298  |Info:    |              Detecting other devices               |
2298  |Info:    ------------------------------------------------------
2309  |Info:    ------------------------------------------------------
2309  |Info:    |                Detection completed                 |
2309  |Info:    ------------------------------------------------------
