    OpenRGB v0.9
    Commit:  from 
    Launched: 20240513_005740
====================================================================================================

1003  |Info:    ------------------------------------------------------
1003  |Info:    |               Start device detection               |
1003  |Info:    ------------------------------------------------------
1003  |Info:    Initializing HID interfaces: Success
1012  |Info:    ------------------------------------------------------
1013  |Info:    |             Detecting I2C interfaces               |
1013  |Info:    ------------------------------------------------------
1013  |Info:    Registering I2C interface: /dev/i2c-3 Device 10DE:2489 Subsystem: 1458:405E
1013  |Info:    Registering I2C interface: /dev/i2c-1 Device 10DE:2489 Subsystem: 1458:405E
1013  |Info:    Registering I2C interface: /dev/i2c-6 Device 1022:790B Subsystem: 1043:87C0
1013  |Info:    Registering I2C interface: /dev/i2c-4 Device 10DE:2489 Subsystem: 1458:405E
1013  |Info:    Registering I2C interface: /dev/i2c-2 Device 10DE:2489 Subsystem: 1458:405E
1013  |Info:    Registering I2C interface: /dev/i2c-0 Device 10DE:2489 Subsystem: 1458:405E
1013  |Info:    Registering I2C interface: /dev/i2c-7 Device 1022:790B Subsystem: 1043:87C0
1013  |Info:    Registering I2C interface: /dev/i2c-5 Device 1022:790B Subsystem: 1043:87C0
1013  |Info:    ------------------------------------------------------
1014  |Info:    |               Detecting I2C devices                |
1014  |Info:    ------------------------------------------------------
1044  |Info:    [HyperX Fury RGB] Registering RGB controller
2000  |Info:    ------------------------------------------------------
2000  |Info:    |               Detecting I2C PCI devices            |
2000  |Info:    ------------------------------------------------------
2175  |Info:    [Gigabyte RTX3060 Ti Gaming OC PRO 8G LHR] Registering RGB controller
2175  |Info:    ------------------------------------------------------
2175  |Info:    |               Detecting HID devices                |
2175  |Info:    ------------------------------------------------------
2256  |Info:    [ASUS TUF GAMING A520M-PLUS WIFI] Registering RGB controller
2256  |Info:    ------------------------------------------------------
2256  |Info:    |            Detecting libusb HID devices            |
2256  |Info:    ------------------------------------------------------
2291  |Info:    ------------------------------------------------------
2291  |Info:    |              Detecting other devices               |
2291  |Info:    ------------------------------------------------------
2302  |Info:    ------------------------------------------------------
2302  |Info:    |                Detection completed                 |
2302  |Info:    ------------------------------------------------------
