    OpenRGB v0.9
    Commit:  from 
    Launched: 20240526_110054
====================================================================================================

1002  |Info:    ------------------------------------------------------
1002  |Info:    |               Start device detection               |
1002  |Info:    ------------------------------------------------------
1002  |Info:    Initializing HID interfaces: Success
1008  |Info:    ------------------------------------------------------
1008  |Info:    |             Detecting I2C interfaces               |
1008  |Info:    ------------------------------------------------------
1008  |Info:    Registering I2C interface: /dev/i2c-3 Device 10DE:2204 Subsystem: 10DE:147D
1008  |Info:    Registering I2C interface: /dev/i2c-1 Device 10DE:2204 Subsystem: 10DE:147D
1008  |Info:    Registering I2C interface: /dev/i2c-8 Device 1022:790B Subsystem: 1043:87C0
1008  |Info:    Registering I2C interface: /dev/i2c-6 Device 1022:790B Subsystem: 1043:87C0
1008  |Info:    Registering I2C interface: /dev/i2c-4 Device 10DE:2204 Subsystem: 10DE:147D
1008  |Info:    Registering I2C interface: /dev/i2c-2 Device 10DE:2204 Subsystem: 10DE:147D
1008  |Info:    Registering I2C interface: /dev/i2c-0 Device 10DE:2204 Subsystem: 10DE:147D
1008  |Info:    Registering I2C interface: /dev/i2c-7 Device 1022:790B Subsystem: 1043:87C0
1009  |Info:    Registering I2C interface: /dev/i2c-5 Device 10DE:2204 Subsystem: 10DE:147D
1009  |Info:    ------------------------------------------------------
1009  |Info:    |               Detecting I2C devices                |
1009  |Info:    ------------------------------------------------------
1038  |Info:    [HyperX Fury RGB] Registering RGB controller
1994  |Info:    ------------------------------------------------------
1994  |Info:    |               Detecting I2C PCI devices            |
1994  |Info:    ------------------------------------------------------
1995  |Info:    ------------------------------------------------------
1995  |Info:    |               Detecting HID devices                |
1995  |Info:    ------------------------------------------------------
2071  |Info:    [ASUS TUF GAMING A520M-PLUS WIFI] Registering RGB controller
2071  |Info:    ------------------------------------------------------
2071  |Info:    |            Detecting libusb HID devices            |
2071  |Info:    ------------------------------------------------------
2104  |Info:    ------------------------------------------------------
2104  |Info:    |              Detecting other devices               |
2104  |Info:    ------------------------------------------------------
2112  |Info:    ------------------------------------------------------
2112  |Info:    |                Detection completed                 |
2112  |Info:    ------------------------------------------------------
