    OpenRGB v0.9
    Commit:  from 
    Launched: 20240519_173502
====================================================================================================

1002  |Info:    ------------------------------------------------------
1002  |Info:    |               Start device detection               |
1002  |Info:    ------------------------------------------------------
1002  |Info:    Initializing HID interfaces: Success
1008  |Info:    ------------------------------------------------------
1008  |Info:    |             Detecting I2C interfaces               |
1008  |Info:    ------------------------------------------------------
1008  |Info:    Registering I2C interface: /dev/i2c-3 Device 10DE:2204 Subsystem: 10DE:147D
1008  |Info:    Registering I2C interface: /dev/i2c-1 Device 10DE:2204 Subsystem: 10DE:147D
1008  |Info:    Registering I2C interface: /dev/i2c-8 Device 1022:790B Subsystem: 1043:87C0
1008  |Info:    Registering I2C interface: /dev/i2c-6 Device 1022:790B Subsystem: 1043:87C0
1008  |Info:    Registering I2C interface: /dev/i2c-4 Device 10DE:2204 Subsystem: 10DE:147D
1008  |Info:    Registering I2C interface: /dev/i2c-2 Device 10DE:2204 Subsystem: 10DE:147D
1008  |Info:    Registering I2C interface: /dev/i2c-0 Device 10DE:2204 Subsystem: 10DE:147D
1008  |Info:    Registering I2C interface: /dev/i2c-7 Device 1022:790B Subsystem: 1043:87C0
1008  |Info:    Registering I2C interface: /dev/i2c-5 Device 10DE:2204 Subsystem: 10DE:147D
1008  |Info:    ------------------------------------------------------
1008  |Info:    |               Detecting I2C devices                |
1008  |Info:    ------------------------------------------------------
1038  |Info:    [HyperX Fury RGB] Registering RGB controller
1998  |Info:    ------------------------------------------------------
1998  |Info:    |               Detecting I2C PCI devices            |
1998  |Info:    ------------------------------------------------------
1999  |Info:    ------------------------------------------------------
1999  |Info:    |               Detecting HID devices                |
1999  |Info:    ------------------------------------------------------
2075  |Info:    [ASUS TUF GAMING A520M-PLUS WIFI] Registering RGB controller
2075  |Info:    ------------------------------------------------------
2075  |Info:    |            Detecting libusb HID devices            |
2075  |Info:    ------------------------------------------------------
2109  |Info:    ------------------------------------------------------
2109  |Info:    |              Detecting other devices               |
2109  |Info:    ------------------------------------------------------
2117  |Info:    ------------------------------------------------------
2117  |Info:    |                Detection completed                 |
2117  |Info:    ------------------------------------------------------
