    OpenRGB v0.9
    Commit:  from 
    Launched: 20240430_203926
====================================================================================================

1001  |Info:    ------------------------------------------------------
1001  |Info:    |               Start device detection               |
1001  |Info:    ------------------------------------------------------
1001  |Info:    Initializing HID interfaces: Success
1007  |Info:    ------------------------------------------------------
1007  |Info:    |             Detecting I2C interfaces               |
1007  |Info:    ------------------------------------------------------
1007  |Info:    Registering I2C interface: /dev/i2c-3 Device 10DE:2489 Subsystem: 1458:405E
1007  |Info:    Registering I2C interface: /dev/i2c-1 Device 10DE:2489 Subsystem: 1458:405E
1007  |Info:    Registering I2C interface: /dev/i2c-6 Device 1022:790B Subsystem: 1043:87C0
1007  |Info:    Registering I2C interface: /dev/i2c-4 Device 10DE:2489 Subsystem: 1458:405E
1007  |Info:    Registering I2C interface: /dev/i2c-2 Device 10DE:2489 Subsystem: 1458:405E
1008  |Info:    Registering I2C interface: /dev/i2c-0 Device 10DE:2489 Subsystem: 1458:405E
1008  |Info:    Registering I2C interface: /dev/i2c-7 Device 1022:790B Subsystem: 1043:87C0
1008  |Info:    Registering I2C interface: /dev/i2c-5 Device 1022:790B Subsystem: 1043:87C0
1008  |Info:    ------------------------------------------------------
1008  |Info:    |               Detecting I2C devices                |
1008  |Info:    ------------------------------------------------------
1037  |Info:    [HyperX Fury RGB] Registering RGB controller
2003  |Info:    ------------------------------------------------------
2003  |Info:    |               Detecting I2C PCI devices            |
2003  |Info:    ------------------------------------------------------
2177  |Info:    [Gigabyte RTX3060 Ti Gaming OC PRO 8G LHR] Registering RGB controller
2178  |Info:    ------------------------------------------------------
2178  |Info:    |               Detecting HID devices                |
2178  |Info:    ------------------------------------------------------
2256  |Info:    [ASUS TUF GAMING A520M-PLUS WIFI] Registering RGB controller
2256  |Info:    ------------------------------------------------------
2256  |Info:    |            Detecting libusb HID devices            |
2256  |Info:    ------------------------------------------------------
2294  |Info:    ------------------------------------------------------
2294  |Info:    |              Detecting other devices               |
2294  |Info:    ------------------------------------------------------
2307  |Info:    ------------------------------------------------------
2307  |Info:    |                Detection completed                 |
2307  |Info:    ------------------------------------------------------
