    OpenRGB v0.9
    Commit:  from 
    Launched: 20240513_133103
====================================================================================================

1003  |Info:    ------------------------------------------------------
1003  |Info:    |               Start device detection               |
1003  |Info:    ------------------------------------------------------
1003  |Info:    Initializing HID interfaces: Success
1009  |Info:    ------------------------------------------------------
1009  |Info:    |             Detecting I2C interfaces               |
1009  |Info:    ------------------------------------------------------
1009  |Info:    Registering I2C interface: /dev/i2c-3 Device 10DE:2489 Subsystem: 1458:405E
1009  |Info:    Registering I2C interface: /dev/i2c-1 Device 10DE:2489 Subsystem: 1458:405E
1010  |Info:    Registering I2C interface: /dev/i2c-6 Device 1022:790B Subsystem: 1043:87C0
1010  |Info:    Registering I2C interface: /dev/i2c-4 Device 10DE:2489 Subsystem: 1458:405E
1010  |Info:    Registering I2C interface: /dev/i2c-2 Device 10DE:2489 Subsystem: 1458:405E
1010  |Info:    Registering I2C interface: /dev/i2c-0 Device 10DE:2489 Subsystem: 1458:405E
1010  |Info:    Registering I2C interface: /dev/i2c-7 Device 1022:790B Subsystem: 1043:87C0
1010  |Info:    Registering I2C interface: /dev/i2c-5 Device 1022:790B Subsystem: 1043:87C0
1010  |Info:    ------------------------------------------------------
1010  |Info:    |               Detecting I2C devices                |
1010  |Info:    ------------------------------------------------------
1040  |Info:    [HyperX Fury RGB] Registering RGB controller
1997  |Info:    ------------------------------------------------------
1997  |Info:    |               Detecting I2C PCI devices            |
1997  |Info:    ------------------------------------------------------
2171  |Info:    [Gigabyte RTX3060 Ti Gaming OC PRO 8G LHR] Registering RGB controller
2172  |Info:    ------------------------------------------------------
2172  |Info:    |               Detecting HID devices                |
2172  |Info:    ------------------------------------------------------
2253  |Info:    [ASUS TUF GAMING A520M-PLUS WIFI] Registering RGB controller
2253  |Info:    ------------------------------------------------------
2253  |Info:    |            Detecting libusb HID devices            |
2253  |Info:    ------------------------------------------------------
2289  |Info:    ------------------------------------------------------
2289  |Info:    |              Detecting other devices               |
2289  |Info:    ------------------------------------------------------
2300  |Info:    ------------------------------------------------------
2300  |Info:    |                Detection completed                 |
2300  |Info:    ------------------------------------------------------
