    OpenRGB v0.9
    Commit:  from 
    Launched: 20240424_123203
====================================================================================================

1001  |Info:    ------------------------------------------------------
1002  |Info:    |               Start device detection               |
1002  |Info:    ------------------------------------------------------
1002  |Info:    Initializing HID interfaces: Success
1005  |Info:    ------------------------------------------------------
1005  |Info:    |             Detecting I2C interfaces               |
1006  |Info:    ------------------------------------------------------
1006  |Info:    Registering I2C interface: /dev/i2c-3 Device 10DE:2489 Subsystem: 1458:405E
1006  |Info:    Registering I2C interface: /dev/i2c-1 Device 1022:790B Subsystem: 1043:87C0
1006  |Info:    Registering I2C interface: /dev/i2c-6 Device 10DE:2489 Subsystem: 1458:405E
1006  |Info:    Registering I2C interface: /dev/i2c-4 Device 10DE:2489 Subsystem: 1458:405E
1006  |Info:    Registering I2C interface: /dev/i2c-2 Device 1022:790B Subsystem: 1043:87C0
1006  |Info:    Registering I2C interface: /dev/i2c-0 Device 1022:790B Subsystem: 1043:87C0
1006  |Info:    Registering I2C interface: /dev/i2c-7 Device 10DE:2489 Subsystem: 1458:405E
1006  |Info:    Registering I2C interface: /dev/i2c-5 Device 10DE:2489 Subsystem: 1458:405E
1006  |Info:    ------------------------------------------------------
1006  |Info:    |               Detecting I2C devices                |
1006  |Info:    ------------------------------------------------------
1037  |Info:    [HyperX Fury RGB] Registering RGB controller
2003  |Info:    ------------------------------------------------------
2003  |Info:    |               Detecting I2C PCI devices            |
2003  |Info:    ------------------------------------------------------
2005  |Info:    [Gigabyte RTX3060 Ti Gaming OC PRO 8G LHR] Registering RGB controller
2177  |Info:    ------------------------------------------------------
2177  |Info:    |               Detecting HID devices                |
2177  |Info:    ------------------------------------------------------
2255  |Info:    [ASUS TUF GAMING A520M-PLUS WIFI] Registering RGB controller
2255  |Info:    ------------------------------------------------------
2255  |Info:    |            Detecting libusb HID devices            |
2255  |Info:    ------------------------------------------------------
2293  |Info:    ------------------------------------------------------
2293  |Info:    |              Detecting other devices               |
2293  |Info:    ------------------------------------------------------
2304  |Info:    ------------------------------------------------------
2304  |Info:    |                Detection completed                 |
2304  |Info:    ------------------------------------------------------
