    OpenRGB v0.9
    Commit:  from 
    Launched: 20240424_221526
====================================================================================================

1001  |Info:    ------------------------------------------------------
1001  |Info:    |               Start device detection               |
1001  |Info:    ------------------------------------------------------
1002  |Info:    Initializing HID interfaces: Success
1007  |Info:    ------------------------------------------------------
1007  |Info:    |             Detecting I2C interfaces               |
1007  |Info:    ------------------------------------------------------
1007  |Info:    Registering I2C interface: /dev/i2c-3 Device 10DE:2489 Subsystem: 1458:405E
1007  |Info:    Registering I2C interface: /dev/i2c-1 Device 1022:790B Subsystem: 1043:87C0
1007  |Info:    Registering I2C interface: /dev/i2c-6 Device 10DE:2489 Subsystem: 1458:405E
1007  |Info:    Registering I2C interface: /dev/i2c-4 Device 10DE:2489 Subsystem: 1458:405E
1007  |Info:    Registering I2C interface: /dev/i2c-2 Device 1022:790B Subsystem: 1043:87C0
1007  |Info:    Registering I2C interface: /dev/i2c-0 Device 1022:790B Subsystem: 1043:87C0
1007  |Info:    Registering I2C interface: /dev/i2c-7 Device 10DE:2489 Subsystem: 1458:405E
1007  |Info:    Registering I2C interface: /dev/i2c-5 Device 10DE:2489 Subsystem: 1458:405E
1007  |Info:    ------------------------------------------------------
1007  |Info:    |               Detecting I2C devices                |
1007  |Info:    ------------------------------------------------------
1038  |Info:    [HyperX Fury RGB] Registering RGB controller
2004  |Info:    ------------------------------------------------------
2004  |Info:    |               Detecting I2C PCI devices            |
2004  |Info:    ------------------------------------------------------
2007  |Info:    [Gigabyte RTX3060 Ti Gaming OC PRO 8G LHR] Registering RGB controller
2178  |Info:    ------------------------------------------------------
2178  |Info:    |               Detecting HID devices                |
2178  |Info:    ------------------------------------------------------
2256  |Info:    [ASUS TUF GAMING A520M-PLUS WIFI] Registering RGB controller
2256  |Info:    ------------------------------------------------------
2256  |Info:    |            Detecting libusb HID devices            |
2256  |Info:    ------------------------------------------------------
2293  |Info:    ------------------------------------------------------
2293  |Info:    |              Detecting other devices               |
2293  |Info:    ------------------------------------------------------
2303  |Info:    ------------------------------------------------------
2303  |Info:    |                Detection completed                 |
2303  |Info:    ------------------------------------------------------
