    OpenRGB v0.9
    Commit:  from 
    Launched: 20240619_115342
====================================================================================================

1003  |Info:    ------------------------------------------------------
1004  |Info:    |               Start device detection               |
1004  |Info:    ------------------------------------------------------
1004  |Info:    Initializing HID interfaces: Success
1012  |Info:    ------------------------------------------------------
1012  |Info:    |             Detecting I2C interfaces               |
1012  |Info:    ------------------------------------------------------
1012  |Info:    Registering I2C interface: /dev/i2c-3 Device 10DE:2204 Subsystem: 10DE:147D
1012  |Info:    Registering I2C interface: /dev/i2c-1 Device 10DE:2204 Subsystem: 10DE:147D
1012  |Info:    Registering I2C interface: /dev/i2c-8 Device 1022:790B Subsystem: 1043:87C0
1012  |Info:    Registering I2C interface: /dev/i2c-6 Device 1022:790B Subsystem: 1043:87C0
1013  |Info:    Registering I2C interface: /dev/i2c-4 Device 10DE:2204 Subsystem: 10DE:147D
1013  |Info:    Registering I2C interface: /dev/i2c-2 Device 10DE:2204 Subsystem: 10DE:147D
1013  |Info:    Registering I2C interface: /dev/i2c-0 Device 10DE:2204 Subsystem: 10DE:147D
1013  |Info:    Registering I2C interface: /dev/i2c-7 Device 1022:790B Subsystem: 1043:87C0
1013  |Info:    Registering I2C interface: /dev/i2c-5 Device 10DE:2204 Subsystem: 10DE:147D
1013  |Info:    ------------------------------------------------------
1013  |Info:    |               Detecting I2C devices                |
1013  |Info:    ------------------------------------------------------
1043  |Info:    [HyperX Fury RGB] Registering RGB controller
1997  |Info:    ------------------------------------------------------
1997  |Info:    |               Detecting I2C PCI devices            |
1997  |Info:    ------------------------------------------------------
1997  |Info:    ------------------------------------------------------
1997  |Info:    |               Detecting HID devices                |
1997  |Info:    ------------------------------------------------------
2078  |Info:    [ASUS TUF GAMING A520M-PLUS WIFI] Registering RGB controller
2078  |Info:    ------------------------------------------------------
2078  |Info:    |            Detecting libusb HID devices            |
2078  |Info:    ------------------------------------------------------
2108  |Info:    ------------------------------------------------------
2108  |Info:    |              Detecting other devices               |
2108  |Info:    ------------------------------------------------------
2113  |Info:    ------------------------------------------------------
2113  |Info:    |                Detection completed                 |
2113  |Info:    ------------------------------------------------------
